<?xml version="1.0" encoding="UTF-8"?>
<testng-results skipped="0" failed="2" total="4" passed="2">
  <reporter-output>
  </reporter-output>
  <suite name="EntityManagerTest" duration-ms="30" started-at="2017-12-22T13:56:09Z" finished-at="2017-12-22T13:56:09Z">
    <groups>
    </groups>
    <test name="Command line test" duration-ms="30" started-at="2017-12-22T13:56:09Z" finished-at="2017-12-22T13:56:09Z">
      <class name="EntityManagerTest">
        <test-method status="PASS" signature="cleanEntityManager()[pri:0, instance:EntityManagerTest@2663e964]" test-instance-name="" name="cleanEntityManager" is-config="true" duration-ms="4" started-at="2017-12-22T15:56:09Z" finished-at="2017-12-22T15:56:09Z">
          <reporter-output>
          </reporter-output>
        </test-method> <!-- cleanEntityManager -->
        <test-method status="PASS" signature="testFind()[pri:0, instance:EntityManagerTest@2663e964]" test-instance-name="" name="testFind" duration-ms="4" started-at="2017-12-22T15:56:09Z" finished-at="2017-12-22T15:56:09Z">
          <reporter-output>
          </reporter-output>
        </test-method> <!-- testFind -->
        <test-method status="PASS" signature="cleanEntityManager()[pri:0, instance:EntityManagerTest@2663e964]" test-instance-name="" name="cleanEntityManager" is-config="true" duration-ms="0" started-at="2017-12-22T15:56:09Z" finished-at="2017-12-22T15:56:09Z">
          <reporter-output>
          </reporter-output>
        </test-method> <!-- cleanEntityManager -->
        <test-method status="FAIL" signature="testMergeNewEntity()[pri:0, instance:EntityManagerTest@2663e964]" test-instance-name="" name="testMergeNewEntity" duration-ms="10" started-at="2017-12-22T15:56:09Z" finished-at="2017-12-22T15:56:09Z">
          <exception class="java.io.NotSerializableException">
            <message>
              <![CDATA[EntityManagerTest]]>
            </message>
            <full-stacktrace>
              <![CDATA[java.io.NotSerializableException: EntityManagerTest
	at java.io.ObjectOutputStream.writeObject0(ObjectOutputStream.java:1184)
	at java.io.ObjectOutputStream.defaultWriteFields(ObjectOutputStream.java:1548)
	at java.io.ObjectOutputStream.writeSerialData(ObjectOutputStream.java:1509)
	at java.io.ObjectOutputStream.writeOrdinaryObject(ObjectOutputStream.java:1432)
	at java.io.ObjectOutputStream.writeObject0(ObjectOutputStream.java:1178)
	at java.io.ObjectOutputStream.writeObject(ObjectOutputStream.java:348)
	at HashmapperModule.lambda$generateEntityHashmapper$0(HashmapperModule.java:40)
	at org.mockito.internal.stubbing.StubbedInvocationMatcher.answer(StubbedInvocationMatcher.java:35)
	at org.mockito.internal.handler.MockHandlerImpl.handle(MockHandlerImpl.java:95)
	at org.mockito.internal.handler.NullResultGuardian.handle(NullResultGuardian.java:32)
	at org.mockito.internal.handler.InvocationNotifierHandler.handle(InvocationNotifierHandler.java:36)
	at org.mockito.internal.creation.bytebuddy.MockMethodInterceptor.doIntercept(MockMethodInterceptor.java:57)
	at org.mockito.internal.creation.bytebuddy.MockMethodInterceptor.doIntercept(MockMethodInterceptor.java:43)
	at org.mockito.internal.creation.bytebuddy.MockMethodInterceptor$DispatcherDefaultingToRealMethod.interceptAbstract(MockMethodInterceptor.java:137)
	at codegen.javax.persistence.EntityManager$MockitoMock$361267612.merge(Unknown Source)
	at EntityManagerTest.testMergeNewEntity(EntityManagerTest.java:32)
	at sun.reflect.NativeMethodAccessorImpl.invoke0(Native Method)
	at sun.reflect.NativeMethodAccessorImpl.invoke(NativeMethodAccessorImpl.java:62)
	at sun.reflect.DelegatingMethodAccessorImpl.invoke(DelegatingMethodAccessorImpl.java:43)
	at java.lang.reflect.Method.invoke(Method.java:497)
	at org.testng.internal.MethodInvocationHelper.invokeMethod(MethodInvocationHelper.java:86)
	at org.testng.internal.Invoker.invokeMethod(Invoker.java:643)
	at org.testng.internal.Invoker.invokeTestMethod(Invoker.java:820)
	at org.testng.internal.Invoker.invokeTestMethods(Invoker.java:1128)
	at org.testng.internal.TestMethodWorker.invokeTestMethods(TestMethodWorker.java:129)
	at org.testng.internal.TestMethodWorker.run(TestMethodWorker.java:112)
	at org.testng.TestRunner.privateRun(TestRunner.java:782)
	at org.testng.TestRunner.run(TestRunner.java:632)
	at org.testng.SuiteRunner.runTest(SuiteRunner.java:366)
	at org.testng.SuiteRunner.runSequentially(SuiteRunner.java:361)
	at org.testng.SuiteRunner.privateRun(SuiteRunner.java:319)
	at org.testng.SuiteRunner.run(SuiteRunner.java:268)
	at org.testng.SuiteRunnerWorker.runSuite(SuiteRunnerWorker.java:52)
	at org.testng.SuiteRunnerWorker.run(SuiteRunnerWorker.java:86)
	at org.testng.TestNG.runSuitesSequentially(TestNG.java:1244)
	at org.testng.TestNG.runSuitesLocally(TestNG.java:1169)
	at org.testng.TestNG.run(TestNG.java:1064)
	at org.apache.maven.surefire.testng.TestNGExecutor.run(TestNGExecutor.java:77)
	at org.apache.maven.surefire.testng.TestNGDirectoryTestSuite.execute(TestNGDirectoryTestSuite.java:110)
	at org.apache.maven.surefire.testng.TestNGProvider.invoke(TestNGProvider.java:106)
	at sun.reflect.NativeMethodAccessorImpl.invoke0(Native Method)
	at sun.reflect.NativeMethodAccessorImpl.invoke(NativeMethodAccessorImpl.java:62)
	at sun.reflect.DelegatingMethodAccessorImpl.invoke(DelegatingMethodAccessorImpl.java:43)
	at java.lang.reflect.Method.invoke(Method.java:497)
	at org.apache.maven.surefire.util.ReflectionUtils.invokeMethodWithArray(ReflectionUtils.java:189)
	at org.apache.maven.surefire.booter.ProviderFactory$ProviderProxy.invoke(ProviderFactory.java:165)
	at org.apache.maven.surefire.booter.ProviderFactory.invokeProvider(ProviderFactory.java:85)
	at org.apache.maven.surefire.booter.ForkedBooter.runSuitesInProcess(ForkedBooter.java:115)
	at org.apache.maven.surefire.booter.ForkedBooter.main(ForkedBooter.java:75)
]]>
            </full-stacktrace>
          </exception> <!-- java.io.NotSerializableException -->
          <reporter-output>
          </reporter-output>
        </test-method> <!-- testMergeNewEntity -->
        <test-method status="PASS" signature="cleanEntityManager()[pri:0, instance:EntityManagerTest@2663e964]" test-instance-name="" name="cleanEntityManager" is-config="true" duration-ms="0" started-at="2017-12-22T15:56:09Z" finished-at="2017-12-22T15:56:09Z">
          <reporter-output>
          </reporter-output>
        </test-method> <!-- cleanEntityManager -->
        <test-method status="FAIL" signature="testMergeWithExisting()[pri:0, instance:EntityManagerTest@2663e964]" test-instance-name="" name="testMergeWithExisting" duration-ms="2" started-at="2017-12-22T15:56:09Z" finished-at="2017-12-22T15:56:09Z">
          <exception class="java.io.NotSerializableException">
            <message>
              <![CDATA[EntityManagerTest]]>
            </message>
            <full-stacktrace>
              <![CDATA[java.io.NotSerializableException: EntityManagerTest
	at java.io.ObjectOutputStream.writeObject0(ObjectOutputStream.java:1184)
	at java.io.ObjectOutputStream.defaultWriteFields(ObjectOutputStream.java:1548)
	at java.io.ObjectOutputStream.writeSerialData(ObjectOutputStream.java:1509)
	at java.io.ObjectOutputStream.writeOrdinaryObject(ObjectOutputStream.java:1432)
	at java.io.ObjectOutputStream.writeObject0(ObjectOutputStream.java:1178)
	at java.io.ObjectOutputStream.writeObject(ObjectOutputStream.java:348)
	at HashmapperModule.lambda$generateEntityHashmapper$0(HashmapperModule.java:40)
	at org.mockito.internal.stubbing.StubbedInvocationMatcher.answer(StubbedInvocationMatcher.java:35)
	at org.mockito.internal.handler.MockHandlerImpl.handle(MockHandlerImpl.java:95)
	at org.mockito.internal.handler.NullResultGuardian.handle(NullResultGuardian.java:32)
	at org.mockito.internal.handler.InvocationNotifierHandler.handle(InvocationNotifierHandler.java:36)
	at org.mockito.internal.creation.bytebuddy.MockMethodInterceptor.doIntercept(MockMethodInterceptor.java:57)
	at org.mockito.internal.creation.bytebuddy.MockMethodInterceptor.doIntercept(MockMethodInterceptor.java:43)
	at org.mockito.internal.creation.bytebuddy.MockMethodInterceptor$DispatcherDefaultingToRealMethod.interceptAbstract(MockMethodInterceptor.java:137)
	at codegen.javax.persistence.EntityManager$MockitoMock$361267612.merge(Unknown Source)
	at EntityManagerTest.testMergeWithExisting(EntityManagerTest.java:47)
	at sun.reflect.NativeMethodAccessorImpl.invoke0(Native Method)
	at sun.reflect.NativeMethodAccessorImpl.invoke(NativeMethodAccessorImpl.java:62)
	at sun.reflect.DelegatingMethodAccessorImpl.invoke(DelegatingMethodAccessorImpl.java:43)
	at java.lang.reflect.Method.invoke(Method.java:497)
	at org.testng.internal.MethodInvocationHelper.invokeMethod(MethodInvocationHelper.java:86)
	at org.testng.internal.Invoker.invokeMethod(Invoker.java:643)
	at org.testng.internal.Invoker.invokeTestMethod(Invoker.java:820)
	at org.testng.internal.Invoker.invokeTestMethods(Invoker.java:1128)
	at org.testng.internal.TestMethodWorker.invokeTestMethods(TestMethodWorker.java:129)
	at org.testng.internal.TestMethodWorker.run(TestMethodWorker.java:112)
	at org.testng.TestRunner.privateRun(TestRunner.java:782)
	at org.testng.TestRunner.run(TestRunner.java:632)
	at org.testng.SuiteRunner.runTest(SuiteRunner.java:366)
	at org.testng.SuiteRunner.runSequentially(SuiteRunner.java:361)
	at org.testng.SuiteRunner.privateRun(SuiteRunner.java:319)
	at org.testng.SuiteRunner.run(SuiteRunner.java:268)
	at org.testng.SuiteRunnerWorker.runSuite(SuiteRunnerWorker.java:52)
	at org.testng.SuiteRunnerWorker.run(SuiteRunnerWorker.java:86)
	at org.testng.TestNG.runSuitesSequentially(TestNG.java:1244)
	at org.testng.TestNG.runSuitesLocally(TestNG.java:1169)
	at org.testng.TestNG.run(TestNG.java:1064)
	at org.apache.maven.surefire.testng.TestNGExecutor.run(TestNGExecutor.java:77)
	at org.apache.maven.surefire.testng.TestNGDirectoryTestSuite.execute(TestNGDirectoryTestSuite.java:110)
	at org.apache.maven.surefire.testng.TestNGProvider.invoke(TestNGProvider.java:106)
	at sun.reflect.NativeMethodAccessorImpl.invoke0(Native Method)
	at sun.reflect.NativeMethodAccessorImpl.invoke(NativeMethodAccessorImpl.java:62)
	at sun.reflect.DelegatingMethodAccessorImpl.invoke(DelegatingMethodAccessorImpl.java:43)
	at java.lang.reflect.Method.invoke(Method.java:497)
	at org.apache.maven.surefire.util.ReflectionUtils.invokeMethodWithArray(ReflectionUtils.java:189)
	at org.apache.maven.surefire.booter.ProviderFactory$ProviderProxy.invoke(ProviderFactory.java:165)
	at org.apache.maven.surefire.booter.ProviderFactory.invokeProvider(ProviderFactory.java:85)
	at org.apache.maven.surefire.booter.ForkedBooter.runSuitesInProcess(ForkedBooter.java:115)
	at org.apache.maven.surefire.booter.ForkedBooter.main(ForkedBooter.java:75)
]]>
            </full-stacktrace>
          </exception> <!-- java.io.NotSerializableException -->
          <reporter-output>
          </reporter-output>
        </test-method> <!-- testMergeWithExisting -->
        <test-method status="PASS" signature="testPersist()[pri:0, instance:EntityManagerTest@2663e964]" test-instance-name="" name="testPersist" duration-ms="0" started-at="2017-12-22T15:56:09Z" finished-at="2017-12-22T15:56:09Z">
          <reporter-output>
          </reporter-output>
        </test-method> <!-- testPersist -->
        <test-method status="PASS" signature="cleanEntityManager()[pri:0, instance:EntityManagerTest@2663e964]" test-instance-name="" name="cleanEntityManager" is-config="true" duration-ms="0" started-at="2017-12-22T15:56:09Z" finished-at="2017-12-22T15:56:09Z">
          <reporter-output>
          </reporter-output>
        </test-method> <!-- cleanEntityManager -->
      </class> <!-- EntityManagerTest -->
    </test> <!-- Command line test -->
  </suite> <!-- EntityManagerTest -->
</testng-results>
