<?xml version="1.0" encoding="UTF-8" ?>
<testsuite tests="4" failures="2" name="EntityManagerTest" time="0.018" errors="0" skipped="0">
  <properties>
[...]
</properties>
  <testcase classname="EntityManagerTest" name="(EntityManagerTest)" time="0.004"/>
  <testcase classname="EntityManagerTest" name="(EntityManagerTest)" time="0.012">
    <failure message="EntityManagerTest" type="java.io.NotSerializableException">java.io.NotSerializableException: EntityManagerTest
	at java.io.ObjectOutputStream.writeObject0(ObjectOutputStream.java:1184)
	at java.io.ObjectOutputStream.defaultWriteFields(ObjectOutputStream.java:1548)
	at java.io.ObjectOutputStream.writeSerialData(ObjectOutputStream.java:1509)
	at java.io.ObjectOutputStream.writeOrdinaryObject(ObjectOutputStream.java:1432)
	at java.io.ObjectOutputStream.writeObject0(ObjectOutputStream.java:1178)
	at java.io.ObjectOutputStream.writeObject(ObjectOutputStream.java:348)
	at HashmapperModule.lambda$generateEntityHashmapper$0(HashmapperModule.java:40)
	at org.mockito.internal.stubbing.StubbedInvocationMatcher.answer(StubbedInvocationMatcher.java:35)
	at org.mockito.internal.handler.MockHandlerImpl.handle(MockHandlerImpl.java:95)
	at org.mockito.internal.handler.NullResultGuardian.handle(NullResultGuardian.java:32)
	at org.mockito.internal.handler.InvocationNotifierHandler.handle(InvocationNotifierHandler.java:36)
	at org.mockito.internal.creation.bytebuddy.MockMethodInterceptor.doIntercept(MockMethodInterceptor.java:57)
	at org.mockito.internal.creation.bytebuddy.MockMethodInterceptor.doIntercept(MockMethodInterceptor.java:43)
	at org.mockito.internal.creation.bytebuddy.MockMethodInterceptor$DispatcherDefaultingToRealMethod.interceptAbstract(MockMethodInterceptor.java:137)
	at codegen.javax.persistence.EntityManager$MockitoMock$361267612.merge(Unknown Source)
	at EntityManagerTest.testMergeNewEntity(EntityManagerTest.java:32)
</failure>
  </testcase>
  <testcase classname="EntityManagerTest" name="(EntityManagerTest)" time="0.002">
    <failure message="EntityManagerTest" type="java.io.NotSerializableException">java.io.NotSerializableException: EntityManagerTest
	at java.io.ObjectOutputStream.writeObject0(ObjectOutputStream.java:1184)
	at java.io.ObjectOutputStream.defaultWriteFields(ObjectOutputStream.java:1548)
	at java.io.ObjectOutputStream.writeSerialData(ObjectOutputStream.java:1509)
	at java.io.ObjectOutputStream.writeOrdinaryObject(ObjectOutputStream.java:1432)
	at java.io.ObjectOutputStream.writeObject0(ObjectOutputStream.java:1178)
	at java.io.ObjectOutputStream.writeObject(ObjectOutputStream.java:348)
	at HashmapperModule.lambda$generateEntityHashmapper$0(HashmapperModule.java:40)
	at org.mockito.internal.stubbing.StubbedInvocationMatcher.answer(StubbedInvocationMatcher.java:35)
	at org.mockito.internal.handler.MockHandlerImpl.handle(MockHandlerImpl.java:95)
	at org.mockito.internal.handler.NullResultGuardian.handle(NullResultGuardian.java:32)
	at org.mockito.internal.handler.InvocationNotifierHandler.handle(InvocationNotifierHandler.java:36)
	at org.mockito.internal.creation.bytebuddy.MockMethodInterceptor.doIntercept(MockMethodInterceptor.java:57)
	at org.mockito.internal.creation.bytebuddy.MockMethodInterceptor.doIntercept(MockMethodInterceptor.java:43)
	at org.mockito.internal.creation.bytebuddy.MockMethodInterceptor$DispatcherDefaultingToRealMethod.interceptAbstract(MockMethodInterceptor.java:137)
	at codegen.javax.persistence.EntityManager$MockitoMock$361267612.merge(Unknown Source)
	at EntityManagerTest.testMergeWithExisting(EntityManagerTest.java:47)
</failure>
  </testcase>
  <testcase classname="EntityManagerTest" name="(EntityManagerTest)" time="0"/>
</testsuite>