<?xml version="1.0" encoding="UTF-8"?>
<testng-results skipped="0" failed="0" total="2" passed="2">
  <reporter-output>
  </reporter-output>
  <suite name="TestEquality" duration-ms="200" started-at="2018-01-21T20:52:18Z" finished-at="2018-01-21T20:52:18Z">
    <groups>
    </groups>
    <test name="Command line test" duration-ms="200" started-at="2018-01-21T20:52:18Z" finished-at="2018-01-21T20:52:18Z">
      <class name="TestEquality">
        <test-method status="PASS" signature="testEqualityByJson()[pri:0, instance:TestEquality@56cbfb61]" test-instance-name="" name="testEqualityByJson" duration-ms="120" started-at="2018-01-21T22:52:18Z" finished-at="2018-01-21T22:52:18Z">
          <reporter-output>
          </reporter-output>
        </test-method> <!-- testEqualityByJson -->
        <test-method status="PASS" signature="testEqualityByPropertyUtils()[pri:0, instance:TestEquality@56cbfb61]" test-instance-name="" name="testEqualityByPropertyUtils" duration-ms="60" started-at="2018-01-21T22:52:18Z" finished-at="2018-01-21T22:52:18Z">
          <reporter-output>
          </reporter-output>
        </test-method> <!-- testEqualityByPropertyUtils -->
      </class> <!-- TestEquality -->
    </test> <!-- Command line test -->
  </suite> <!-- TestEquality -->
</testng-results>
